c:\users\matus\onedrive\pulpit\projekt pk4\elektroniczny rozkład  autobusów\elektroniczny rozkład  autobusów\debug\vc142.pdb
c:\users\matus\onedrive\pulpit\projekt pk4\elektroniczny rozkład  autobusów\elektroniczny rozkład  autobusów\debug\vc142.idb
c:\users\matus\onedrive\pulpit\projekt pk4\elektroniczny rozkład  autobusów\elektroniczny rozkład  autobusów\debug\trasa.obj
c:\users\matus\onedrive\pulpit\projekt pk4\elektroniczny rozkład  autobusów\elektroniczny rozkład  autobusów\debug\menu.obj
c:\users\matus\onedrive\pulpit\projekt pk4\elektroniczny rozkład  autobusów\elektroniczny rozkład  autobusów\debug\main.obj
c:\users\matus\onedrive\pulpit\projekt pk4\elektroniczny rozkład  autobusów\elektroniczny rozkład  autobusów\debug\importexport.obj
c:\users\matus\onedrive\pulpit\projekt pk4\elektroniczny rozkład  autobusów\elektroniczny rozkład  autobusów\debug\czas.obj
c:\users\matus\onedrive\pulpit\projekt pk4\elektroniczny rozkład  autobusów\elektroniczny rozkład  autobusów\debug\baza.obj
c:\users\matus\onedrive\pulpit\projekt pk4\elektroniczny rozkład  autobusów\elektroniczny rozkład  autobusów\debug\autobus.obj
c:\users\matus\onedrive\pulpit\projekt pk4\elektroniczny rozkład  autobusów\elektroniczny rozkład  autobusów\debug\przystanek.obj
c:\users\matus\onedrive\pulpit\projekt pk4\elektroniczny rozkład  autobusów\elektroniczny rozkład  autobusów\debug\import.obj
c:\users\matus\onedrive\pulpit\projekt pk4\elektroniczny rozkład  autobusów\debug\elektroniczny rozkład  autobusów.exe
c:\users\matus\onedrive\pulpit\projekt pk4\elektroniczny rozkład  autobusów\debug\elektroniczny rozkład  autobusów.ilk
c:\users\matus\onedrive\pulpit\projekt pk4\elektroniczny rozkład  autobusów\debug\elektroniczny rozkład  autobusów.pdb
c:\users\matus\onedrive\pulpit\projekt pk4\elektroniczny rozkład  autobusów\elektroniczny rozkład  autobusów\debug\elektron.d627d223.tlog\cl.command.1.tlog
c:\users\matus\onedrive\pulpit\projekt pk4\elektroniczny rozkład  autobusów\elektroniczny rozkład  autobusów\debug\elektron.d627d223.tlog\cl.read.1.tlog
c:\users\matus\onedrive\pulpit\projekt pk4\elektroniczny rozkład  autobusów\elektroniczny rozkład  autobusów\debug\elektron.d627d223.tlog\cl.write.1.tlog
c:\users\matus\onedrive\pulpit\projekt pk4\elektroniczny rozkład  autobusów\elektroniczny rozkład  autobusów\debug\elektron.d627d223.tlog\link.command.1.tlog
c:\users\matus\onedrive\pulpit\projekt pk4\elektroniczny rozkład  autobusów\elektroniczny rozkład  autobusów\debug\elektron.d627d223.tlog\link.read.1.tlog
c:\users\matus\onedrive\pulpit\projekt pk4\elektroniczny rozkład  autobusów\elektroniczny rozkład  autobusów\debug\elektron.d627d223.tlog\link.write.1.tlog
